*** Start analyzing build configuration ***
*** List of included argument files ***
    Build configuration file:  /home/student/hmucha/VDIC/.dvt/lab01.build
    -F /home/student/hmucha/VDIC/lab01example/tb/tb.f
        -F /home/student/hmucha/VDIC/lab01example/tb/../../common/tinyalu/tinyalu.f
*** Done analyzing build configuration [16 ms] ***

*** Start SystemVerilog build ***
*** Invocation #1***
Loading (1) /home/student/hmucha/VDIC/common/tinyalu/single_cycle.sv ...
Done /home/student/hmucha/VDIC/common/tinyalu/single_cycle.sv [26 ms, 56 lines, SystemVerilog_2012] ...
Loading (2) /home/student/hmucha/VDIC/common/tinyalu/three_cycle.sv ...
Done /home/student/hmucha/VDIC/common/tinyalu/three_cycle.sv [4 ms, 49 lines, SystemVerilog_2012] ...
Loading (3) /home/student/hmucha/VDIC/common/tinyalu/tinyalu.sv ...
Done /home/student/hmucha/VDIC/common/tinyalu/tinyalu.sv [2 ms, 60 lines, SystemVerilog_2012] ...
Loading (4) /home/student/hmucha/VDIC/lab01example/tb/tinyalu_tb.sv ...
Done /home/student/hmucha/VDIC/lab01example/tb/tinyalu_tb.sv [19 ms, 274 lines, SystemVerilog_2012] ...
*** Done invocation #1 [47 ms] ***
*** Done parsing [LT 14.0 ms, PT 47.0 ms] ***
*** Total number of lines [439] ***
Performing post full build actions ...
Performing post full build step 1 (SRI) [0 ms] ...
Performing post full build step 2 (RI) [0 ms] ...
Performing post full build step 3 (RCP) [0 ms] ...
*** Done SystemVerilog build [63 ms] ***

*** Start mixed mode extension build ***
Performing mixed post full build step (VLOG - RI) [1 ms] ...
*** Warning: UNSPECIFIED_TOP: Please specify a -top module/entity/configuration in the project build file
*** Top design candidates: work.top
Performing mixed post full build step (MIXED - ELAB) [216 ms] ...
Performing mixed post full build step (MIXED - UNEL) [53 ms] ...
Performing mixed post full build step (VLOG - RD) [1 ms] ...
Performing mixed post full build step (VLOG - FSC) [53 ms] ...
Performing mixed post full build step (VLOG - EV) [54 ms] ...
Performing mixed post full build step (VLOG - ELPC) [0 ms] ...
Performing mixed post full build step (VLOG - US) [53 ms] ...
*** Done mixed mode extension build [593 ms] ***
*** Start adding/validating the DVT Auto-Linked resources ***
*** Done adding/validating the DVT Auto-Linked resources [3 ms] ***
*** Total build time [683 ms] ***
