TOOL:	xrun	21.03-s009: Started on Oct 12, 2023 at 08:51:13 CEST
xrun
	-elaborate
	-l xrun_elaborate.log
	-F ../tb/tb.f
		-F ../tb/../../common/tinyalu/tinyalu.f
			single_cycle.sv
			three_cycle.sv
			tinyalu.sv
		tinyalu_tb.sv
	-v93
	+nowarnDSEM2009
	+nowarnDSEMEL
	+nowarnCGDEFN
	+nowarnCOVUTA
	+nowarnBADPRF
	+nowarnXCLGNOPTM
	+nowarnRNDXCELON
	+nowarnSAWSTP
	-xmlibdirname INCA_libs
	+overwrite
	-nocopyright
	-coverage all
	-covoverwrite
	-covfile xrun_covfile.txt
		Caching library 'worklib' ....... Done
	Elaborating the design hierarchy:
	Top level design units:
		top

	Extracting FSMs for coverage:
		worklib.single_cycle
		worklib.three_cycle
		worklib.tinyalu
		worklib.top
	Total FSMs extracted = 0
	Building instance overlay tables: .................... Done
	Enabling instrumentation for coverage types: block expression FSM toggle functional
	Generating native compiled code:
		worklib.three_cycle:sv <0x44b13810>
			streams:   3, words:  3846
		worklib.single_cycle:sv <0x6ce36bd3>
			streams:   3, words:  2944
		worklib.tinyalu:sv <0x37c19087>
			streams:   3, words:  2601
		worklib.top:sv <0x27fac696>
			streams:  15, words: 25686
	Building instance specific data structures.
	Performing constant object marking (COM) analysis.
	Loading native compiled code:     .................... Done
	Design hierarchy summary:
		              Instances  Unique
		Modules:              4       4
		Registers:           32      32
		Scalar wires:         9       -
		Vectored wires:       7       -
		Always blocks:        3       3
		Initial blocks:       4       4
		Final blocks:         1       1
		Cont. assignments:    3       5
		Pseudo assignments:   3       3
		Assertions:           1       1
	Writing initial simulation snapshot: worklib.top:sv
TOOL:	xrun	21.03-s009: Exiting on Oct 12, 2023 at 08:51:13 CEST  (total: 00:00:00)
